{"name":"add_to_cart_searched_product","id":"atstUIAutomation.features.search.ShoppingCartTest:add_to_cart_searched_product","testCaseName":"atstUIAutomation.features.search.ShoppingCartTest","testSteps":[{"number":1,"description":"Navigate to homepage","duration":6171,"startTime":"2021-10-21T14:15:57.583681500+03:00[Europe/Bucharest]","screenshots":[{"screenshot":"d34f0e5f0117e29c5079ead33f51b1bb31638bb0eccb1accb75fdb4a8d2b42fc.png","timeStamp":1634814963754}],"result":"SUCCESS","precondition":false,"level":0},{"number":2,"description":"Search product: shirt","duration":2435,"startTime":"2021-10-21T14:16:03.759903300+03:00[Europe/Bucharest]","screenshots":[{"screenshot":"7bb7d5e299adf1b5597d96662bc6758e5c55cc05c57e772b3119ba32a41d48d9.png","timeStamp":1634814966195}],"result":"SUCCESS","precondition":false,"level":0},{"number":3,"description":"Add first product to cart","duration":11317,"startTime":"2021-10-21T14:16:06.197143800+03:00[Europe/Bucharest]","screenshots":[{"screenshot":"7c4f996f9cf5a80947fb728cba37595156c9fa4516fb1a83992fb457985bfb28.png","htmlSource":"pagesource17002053507124177228.html.txt","timeStamp":1634814977508}],"exception":{"errorType":"net.thucydides.core.webdriver.exceptions.ElementShouldBeEnabledException","message":"Expected enabled element was not enabled","stackTrace":[{"classLoaderName":"app","declaringClass":"atstUIAutomation.pages.ProductsPage","methodName":"add_to_cart","fileName":"ProductsPage.java","lineNumber":50,"format":1},{"classLoaderName":"app","declaringClass":"atstUIAutomation.steps.serenity.ProductsSteps","methodName":"add_first_product_to_cart","fileName":"ProductsSteps.java","lineNumber":15,"format":1},{"classLoaderName":"app","declaringClass":"atstUIAutomation.features.search.ShoppingCartTest","methodName":"add_to_cart_searched_product","fileName":"ShoppingCartTest.java","lineNumber":42,"format":1}],"rootCause":{"errorType":"org.openqa.selenium.TimeoutException","message":"Expected condition failed: waiting for ProductsPage.buttonViewDetails to be clickable (tried for 5 second(s) with 100 milliseconds interval)","stackTrace":[{"classLoaderName":"app","declaringClass":"atstUIAutomation.pages.ProductsPage","methodName":"add_to_cart","fileName":"ProductsPage.java","lineNumber":50,"format":1},{"classLoaderName":"app","declaringClass":"atstUIAutomation.steps.serenity.ProductsSteps","methodName":"add_first_product_to_cart","fileName":"ProductsSteps.java","lineNumber":15,"format":1},{"classLoaderName":"app","declaringClass":"atstUIAutomation.features.search.ShoppingCartTest","methodName":"add_to_cart_searched_product","fileName":"ShoppingCartTest.java","lineNumber":42,"format":1}],"rootCause":{"errorType":"org.openqa.selenium.NoSuchElementException","message":"Timed out after 2 seconds. Element not found\nFor documentation on this error, please visit: https://www.seleniumhq.org/exceptions/no_such_element.html\nBuild info: version: \u00273.141.59\u0027, revision: \u0027e82be7d358\u0027, time: \u00272018-11-14T08:17:03\u0027\nSystem info: host: \u0027DESKTOP-5D8G6BA\u0027, ip: \u0027192.168.0.106\u0027, os.name: \u0027Windows 10\u0027, os.arch: \u0027amd64\u0027, os.version: \u002710.0\u0027, java.version: \u002712.0.1\u0027\nDriver info: driver.version: unknown","stackTrace":[{"classLoaderName":"app","declaringClass":"atstUIAutomation.pages.ProductsPage","methodName":"add_to_cart","fileName":"ProductsPage.java","lineNumber":50,"format":1},{"classLoaderName":"app","declaringClass":"atstUIAutomation.steps.serenity.ProductsSteps","methodName":"add_first_product_to_cart","fileName":"ProductsSteps.java","lineNumber":15,"format":1},{"classLoaderName":"app","declaringClass":"atstUIAutomation.features.search.ShoppingCartTest","methodName":"add_to_cart_searched_product","fileName":"ShoppingCartTest.java","lineNumber":42,"format":1}]}}},"result":"FAILURE","precondition":false,"level":0},{"number":4,"description":"Navigate to shopping cart","duration":1,"startTime":"2021-10-21T14:16:17.516350300+03:00[Europe/Bucharest]","result":"SKIPPED","precondition":false,"level":0},{"number":5,"description":"Should see product in shopping cart: shirt","duration":0,"startTime":"2021-10-21T14:16:17.523349300+03:00[Europe/Bucharest]","result":"SKIPPED","precondition":false,"level":0}],"userStory":{"id":"atstUIAutomation.features.search.ShoppingCartTest","storyName":"Shopping cart test","storyClassName":"atstUIAutomation.features.search.ShoppingCartTest","path":"search","type":"story"},"featureTag":{"name":"Search/Shopping cart test","type":"story","displayName":"Search/Shopping cart test"},"title":"Add to cart searched product","tags":[{"name":"Search/Shopping cart test","type":"story","displayName":"Search/Shopping cart test"},{"name":"Search","type":"feature","displayName":"Search"},{"name":"Search","type":"capability","displayName":"Search for definitions"}],"startTime":"2021-10-21T14:15:57.104676800+03:00[Europe/Bucharest]","duration":20435,"testFailureCause":{"errorType":"net.thucydides.core.webdriver.exceptions.ElementShouldBeEnabledException","message":"Expected enabled element was not enabled\nBuild info: version: \u00273.141.59\u0027, revision: \u0027e82be7d358\u0027, time: \u00272018-11-14T08:17:03\u0027\nSystem info: host: \u0027DESKTOP-5D8G6BA\u0027, ip: \u0027192.168.0.106\u0027, os.name: \u0027Windows 10\u0027, os.arch: \u0027amd64\u0027, os.version: \u002710.0\u0027, java.version: \u002712.0.1\u0027\nDriver info: driver.version: unknown","stackTrace":[{"classLoaderName":"app","declaringClass":"atstUIAutomation.pages.ProductsPage","methodName":"add_to_cart","fileName":"ProductsPage.java","lineNumber":50,"format":1},{"classLoaderName":"app","declaringClass":"atstUIAutomation.steps.serenity.ProductsSteps","methodName":"add_first_product_to_cart","fileName":"ProductsSteps.java","lineNumber":15,"format":1},{"classLoaderName":"app","declaringClass":"atstUIAutomation.features.search.ShoppingCartTest","methodName":"add_to_cart_searched_product","fileName":"ShoppingCartTest.java","lineNumber":42,"format":1}]},"testFailureClassname":"net.thucydides.core.webdriver.exceptions.ElementShouldBeEnabledException","testFailureMessage":"Expected enabled element was not enabled\nBuild info: version: \u00273.141.59\u0027, revision: \u0027e82be7d358\u0027, time: \u00272018-11-14T08:17:03\u0027\nSystem info: host: \u0027DESKTOP-5D8G6BA\u0027, ip: \u0027192.168.0.106\u0027, os.name: \u0027Windows 10\u0027, os.arch: \u0027amd64\u0027, os.version: \u002710.0\u0027, java.version: \u002712.0.1\u0027\nDriver info: driver.version: unknown","testFailureSummary":"FAILURE;net.thucydides.core.webdriver.exceptions.ElementShouldBeEnabledException;Expected enabled element was not enabled\nBuild info: version: \u00273.141.59\u0027, revision: \u0027e82be7d358\u0027, time: \u00272018-11-14T08:17:03\u0027\nSystem info: host: \u0027DESKTOP-5D8G6BA\u0027, ip: \u0027192.168.0.106\u0027, os.name: \u0027Windows 10\u0027, os.arch: \u0027amd64\u0027, os.version: \u002710.0\u0027, java.version: \u002712.0.1\u0027\nDriver info: driver.version: unknown;ProductsPage.java","projectKey":"","annotatedResult":"FAILURE","sessionId":"580f10367128f999340bf8f3a558b3cd","driver":"chrome","isManualTestingUpToDate":false,"manual":false,"testSource":"JUnit","order":0,"result":"FAILURE"}